Release 14.7 - xst P.20131013 (nt64)
Copyright (c) 1995-2013 Xilinx, Inc.  All rights reserved.
--> Parameter TMPDIR set to xst/projnav.tmp


Total REAL time to Xst completion: 1.00 secs
Total CPU time to Xst completion: 0.34 secs
 
--> Parameter xsthdpdir set to xst


Total REAL time to Xst completion: 1.00 secs
Total CPU time to Xst completion: 0.34 secs
 
--> Reading design: Top_Register_file.prj

TABLE OF CONTENTS
  1) Synthesis Options Summary
  2) HDL Parsing
  3) HDL Elaboration
  4) HDL Synthesis
       4.1) HDL Synthesis Report
  5) Advanced HDL Synthesis
       5.1) Advanced HDL Synthesis Report
  6) Low Level Synthesis
  7) Partition Report
  8) Design Summary
       8.1) Primitive and Black Box Usage
       8.2) Device utilization summary
       8.3) Partition Resource Summary
       8.4) Timing Report
            8.4.1) Clock Information
            8.4.2) Asynchronous Control Signals Information
            8.4.3) Timing Summary
            8.4.4) Timing Details
            8.4.5) Cross Clock Domains Report


=========================================================================
*                      Synthesis Options Summary                        *
=========================================================================
---- Source Parameters
Input File Name                    : "Top_Register_file.prj"
Ignore Synthesis Constraint File   : NO

---- Target Parameters
Output File Name                   : "Top_Register_file"
Output Format                      : NGC
Target Device                      : xc6slx16-3-csg324

---- Source Options
Top Module Name                    : Top_Register_file
Automatic FSM Extraction           : YES
FSM Encoding Algorithm             : Auto
Safe Implementation                : No
FSM Style                          : LUT
RAM Extraction                     : Yes
RAM Style                          : Auto
ROM Extraction                     : Yes
Shift Register Extraction          : YES
ROM Style                          : Auto
Resource Sharing                   : YES
Asynchronous To Synchronous        : NO
Shift Register Minimum Size        : 2
Use DSP Block                      : Auto
Automatic Register Balancing       : No

---- Target Options
LUT Combining                      : Auto
Reduce Control Sets                : Auto
Add IO Buffers                     : YES
Global Maximum Fanout              : 100000
Add Generic Clock Buffer(BUFG)     : 16
Register Duplication               : YES
Optimize Instantiated Primitives   : NO
Use Clock Enable                   : Auto
Use Synchronous Set                : Auto
Use Synchronous Reset              : Auto
Pack IO Registers into IOBs        : Auto
Equivalent register Removal        : YES

---- General Options
Optimization Goal                  : Speed
Optimization Effort                : 1
Power Reduction                    : NO
Keep Hierarchy                     : No
Netlist Hierarchy                  : As_Optimized
RTL Output                         : Yes
Global Optimization                : AllClockNets
Read Cores                         : YES
Write Timing Constraints           : NO
Cross Clock Analysis               : NO
Hierarchy Separator                : /
Bus Delimiter                      : <>
Case Specifier                     : Maintain
Slice Utilization Ratio            : 100
BRAM Utilization Ratio             : 100
DSP48 Utilization Ratio            : 100
Auto BRAM Packing                  : NO
Slice Utilization Ratio Delta      : 5

=========================================================================


=========================================================================
*                          HDL Parsing                                  *
=========================================================================
Analyzing Verilog file "D:\FPGA\Registerfile_design\Register_file.v" into library work
Parsing module <Register_file>.
Analyzing Verilog file "D:\FPGA\Registerfile_design\Top_Register_file.v" into library work
Parsing module <Top_Register_file>.

=========================================================================
*                            HDL Elaboration                            *
=========================================================================

Elaborating module <Top_Register_file>.

Elaborating module <Register_file>.

=========================================================================
*                           HDL Synthesis                               *
=========================================================================

Synthesizing Unit <Top_Register_file>.
    Related source file is "D:\FPGA\Registerfile_design\Top_Register_file.v".
    Found 8-bit 4-to-1 multiplexer for signal <C1[1]_R_Data_A[31]_wide_mux_0_OUT> created at line 41.
    Found 8-bit 4-to-1 multiplexer for signal <C1[1]_R_Data_B[31]_wide_mux_1_OUT> created at line 51.
    Summary:
	inferred   9 Multiplexer(s).
Unit <Top_Register_file> synthesized.

Synthesizing Unit <Register_file>.
    Related source file is "D:\FPGA\Registerfile_design\Register_file.v".
    Found 1024-bit register for signal <n0046[1023:0]>.
    Found 32-bit 32-to-1 multiplexer for signal <R_Data_A> created at line 38.
    Found 32-bit 32-to-1 multiplexer for signal <R_Data_B> created at line 39.
    Summary:
	inferred 1024 D-type flip-flop(s).
	inferred  34 Multiplexer(s).
Unit <Register_file> synthesized.

=========================================================================
HDL Synthesis Report

Macro Statistics
# Registers                                            : 1
 1024-bit register                                     : 1
# Multiplexers                                         : 43
 32-bit 2-to-1 multiplexer                             : 33
 32-bit 32-to-1 multiplexer                            : 2
 5-bit 2-to-1 multiplexer                              : 4
 8-bit 2-to-1 multiplexer                              : 2
 8-bit 4-to-1 multiplexer                              : 2

=========================================================================

=========================================================================
*                       Advanced HDL Synthesis                          *
=========================================================================


=========================================================================
Advanced HDL Synthesis Report

Macro Statistics
# Registers                                            : 1024
 Flip-Flops                                            : 1024
# Multiplexers                                         : 43
 32-bit 2-to-1 multiplexer                             : 33
 32-bit 32-to-1 multiplexer                            : 2
 5-bit 2-to-1 multiplexer                              : 4
 8-bit 2-to-1 multiplexer                              : 2
 8-bit 4-to-1 multiplexer                              : 2

=========================================================================

=========================================================================
*                         Low Level Synthesis                           *
=========================================================================

Optimizing unit <Top_Register_file> ...

Optimizing unit <Register_file> ...
WARNING:Xst:1293 - FF/Latch <reg1/REG_Files_31_992> has a constant value of 0 in block <Top_Register_file>. This FF/Latch will be trimmed during the optimization process.
WARNING:Xst:1896 - Due to other FF/Latch trimming, FF/Latch <reg1/REG_Files_31_993> has a constant value of 0 in block <Top_Register_file>. This FF/Latch will be trimmed during the optimization process.
WARNING:Xst:1896 - Due to other FF/Latch trimming, FF/Latch <reg1/REG_Files_31_994> has a constant value of 0 in block <Top_Register_file>. This FF/Latch will be trimmed during the optimization process.
WARNING:Xst:1896 - Due to other FF/Latch trimming, FF/Latch <reg1/REG_Files_31_995> has a constant value of 0 in block <Top_Register_file>. This FF/Latch will be trimmed during the optimization process.
WARNING:Xst:1896 - Due to other FF/Latch trimming, FF/Latch <reg1/REG_Files_31_996> has a constant value of 0 in block <Top_Register_file>. This FF/Latch will be trimmed during the optimization process.
WARNING:Xst:1896 - Due to other FF/Latch trimming, FF/Latch <reg1/REG_Files_31_997> has a constant value of 0 in block <Top_Register_file>. This FF/Latch will be trimmed during the optimization process.
WARNING:Xst:1896 - Due to other FF/Latch trimming, FF/Latch <reg1/REG_Files_31_998> has a constant value of 0 in block <Top_Register_file>. This FF/Latch will be trimmed during the optimization process.
WARNING:Xst:1896 - Due to other FF/Latch trimming, FF/Latch <reg1/REG_Files_31_999> has a constant value of 0 in block <Top_Register_file>. This FF/Latch will be trimmed during the optimization process.
WARNING:Xst:1896 - Due to other FF/Latch trimming, FF/Latch <reg1/REG_Files_31_1000> has a constant value of 0 in block <Top_Register_file>. This FF/Latch will be trimmed during the optimization process.
WARNING:Xst:1896 - Due to other FF/Latch trimming, FF/Latch <reg1/REG_Files_31_1001> has a constant value of 0 in block <Top_Register_file>. This FF/Latch will be trimmed during the optimization process.
WARNING:Xst:1896 - Due to other FF/Latch trimming, FF/Latch <reg1/REG_Files_31_1002> has a constant value of 0 in block <Top_Register_file>. This FF/Latch will be trimmed during the optimization process.
WARNING:Xst:1896 - Due to other FF/Latch trimming, FF/Latch <reg1/REG_Files_31_1003> has a constant value of 0 in block <Top_Register_file>. This FF/Latch will be trimmed during the optimization process.
WARNING:Xst:1896 - Due to other FF/Latch trimming, FF/Latch <reg1/REG_Files_31_1004> has a constant value of 0 in block <Top_Register_file>. This FF/Latch will be trimmed during the optimization process.
WARNING:Xst:1896 - Due to other FF/Latch trimming, FF/Latch <reg1/REG_Files_31_1005> has a constant value of 0 in block <Top_Register_file>. This FF/Latch will be trimmed during the optimization process.
WARNING:Xst:1896 - Due to other FF/Latch trimming, FF/Latch <reg1/REG_Files_31_1006> has a constant value of 0 in block <Top_Register_file>. This FF/Latch will be trimmed during the optimization process.
WARNING:Xst:1896 - Due to other FF/Latch trimming, FF/Latch <reg1/REG_Files_31_1007> has a constant value of 0 in block <Top_Register_file>. This FF/Latch will be trimmed during the optimization process.
WARNING:Xst:1896 - Due to other FF/Latch trimming, FF/Latch <reg1/REG_Files_31_1008> has a constant value of 0 in block <Top_Register_file>. This FF/Latch will be trimmed during the optimization process.
WARNING:Xst:1896 - Due to other FF/Latch trimming, FF/Latch <reg1/REG_Files_31_1009> has a constant value of 0 in block <Top_Register_file>. This FF/Latch will be trimmed during the optimization process.
WARNING:Xst:1896 - Due to other FF/Latch trimming, FF/Latch <reg1/REG_Files_31_1010> has a constant value of 0 in block <Top_Register_file>. This FF/Latch will be trimmed during the optimization process.
WARNING:Xst:1896 - Due to other FF/Latch trimming, FF/Latch <reg1/REG_Files_31_1011> has a constant value of 0 in block <Top_Register_file>. This FF/Latch will be trimmed during the optimization process.
WARNING:Xst:1896 - Due to other FF/Latch trimming, FF/Latch <reg1/REG_Files_31_1012> has a constant value of 0 in block <Top_Register_file>. This FF/Latch will be trimmed during the optimization process.
WARNING:Xst:1896 - Due to other FF/Latch trimming, FF/Latch <reg1/REG_Files_31_1013> has a constant value of 0 in block <Top_Register_file>. This FF/Latch will be trimmed during the optimization process.
WARNING:Xst:1896 - Due to other FF/Latch trimming, FF/Latch <reg1/REG_Files_31_1014> has a constant value of 0 in block <Top_Register_file>. This FF/Latch will be trimmed during the optimization process.
WARNING:Xst:1896 - Due to other FF/Latch trimming, FF/Latch <reg1/REG_Files_31_1015> has a constant value of 0 in block <Top_Register_file>. This FF/Latch will be trimmed during the optimization process.
WARNING:Xst:1896 - Due to other FF/Latch trimming, FF/Latch <reg1/REG_Files_31_1016> has a constant value of 0 in block <Top_Register_file>. This FF/Latch will be trimmed during the optimization process.
WARNING:Xst:1896 - Due to other FF/Latch trimming, FF/Latch <reg1/REG_Files_31_1017> has a constant value of 0 in block <Top_Register_file>. This FF/Latch will be trimmed during the optimization process.
WARNING:Xst:1896 - Due to other FF/Latch trimming, FF/Latch <reg1/REG_Files_31_1018> has a constant value of 0 in block <Top_Register_file>. This FF/Latch will be trimmed during the optimization process.
WARNING:Xst:1896 - Due to other FF/Latch trimming, FF/Latch <reg1/REG_Files_31_1019> has a constant value of 0 in block <Top_Register_file>. This FF/Latch will be trimmed during the optimization process.
WARNING:Xst:1896 - Due to other FF/Latch trimming, FF/Latch <reg1/REG_Files_31_1020> has a constant value of 0 in block <Top_Register_file>. This FF/Latch will be trimmed during the optimization process.
WARNING:Xst:1896 - Due to other FF/Latch trimming, FF/Latch <reg1/REG_Files_31_1021> has a constant value of 0 in block <Top_Register_file>. This FF/Latch will be trimmed during the optimization process.
WARNING:Xst:1896 - Due to other FF/Latch trimming, FF/Latch <reg1/REG_Files_31_1022> has a constant value of 0 in block <Top_Register_file>. This FF/Latch will be trimmed during the optimization process.
WARNING:Xst:1896 - Due to other FF/Latch trimming, FF/Latch <reg1/REG_Files_31_1023> has a constant value of 0 in block <Top_Register_file>. This FF/Latch will be trimmed during the optimization process.
INFO:Xst:2261 - The FF/Latch <reg1/REG_Files_31_393> in Unit <Top_Register_file> is equivalent to the following FF/Latch, which will be removed : <reg1/REG_Files_31_386> 
INFO:Xst:2261 - The FF/Latch <reg1/REG_Files_31_444> in Unit <Top_Register_file> is equivalent to the following 5 FFs/Latches, which will be removed : <reg1/REG_Files_31_436> <reg1/REG_Files_31_432> <reg1/REG_Files_31_428> <reg1/REG_Files_31_421> <reg1/REG_Files_31_420> 
INFO:Xst:2261 - The FF/Latch <reg1/REG_Files_31_447> in Unit <Top_Register_file> is equivalent to the following 4 FFs/Latches, which will be removed : <reg1/REG_Files_31_439> <reg1/REG_Files_31_431> <reg1/REG_Files_31_423> <reg1/REG_Files_31_419> 
INFO:Xst:2261 - The FF/Latch <reg1/REG_Files_31_60> in Unit <Top_Register_file> is equivalent to the following 5 FFs/Latches, which will be removed : <reg1/REG_Files_31_52> <reg1/REG_Files_31_48> <reg1/REG_Files_31_44> <reg1/REG_Files_31_37> <reg1/REG_Files_31_36> 
INFO:Xst:2261 - The FF/Latch <reg1/REG_Files_31_449> in Unit <Top_Register_file> is equivalent to the following FF/Latch, which will be removed : <reg1/REG_Files_31_448> 
INFO:Xst:2261 - The FF/Latch <reg1/REG_Files_31_511> in Unit <Top_Register_file> is equivalent to the following 4 FFs/Latches, which will be removed : <reg1/REG_Files_31_503> <reg1/REG_Files_31_495> <reg1/REG_Files_31_487> <reg1/REG_Files_31_483> 
INFO:Xst:2261 - The FF/Latch <reg1/REG_Files_31_63> in Unit <Top_Register_file> is equivalent to the following 4 FFs/Latches, which will be removed : <reg1/REG_Files_31_55> <reg1/REG_Files_31_47> <reg1/REG_Files_31_39> <reg1/REG_Files_31_35> 
INFO:Xst:2261 - The FF/Latch <reg1/REG_Files_31_457> in Unit <Top_Register_file> is equivalent to the following FF/Latch, which will be removed : <reg1/REG_Files_31_450> 
INFO:Xst:2261 - The FF/Latch <reg1/REG_Files_31_513> in Unit <Top_Register_file> is equivalent to the following FF/Latch, which will be removed : <reg1/REG_Files_31_512> 
INFO:Xst:2261 - The FF/Latch <reg1/REG_Files_31_65> in Unit <Top_Register_file> is equivalent to the following FF/Latch, which will be removed : <reg1/REG_Files_31_64> 
INFO:Xst:2261 - The FF/Latch <reg1/REG_Files_31_508> in Unit <Top_Register_file> is equivalent to the following 5 FFs/Latches, which will be removed : <reg1/REG_Files_31_500> <reg1/REG_Files_31_496> <reg1/REG_Files_31_492> <reg1/REG_Files_31_485> <reg1/REG_Files_31_484> 
INFO:Xst:2261 - The FF/Latch <reg1/REG_Files_31_521> in Unit <Top_Register_file> is equivalent to the following FF/Latch, which will be removed : <reg1/REG_Files_31_514> 
INFO:Xst:2261 - The FF/Latch <reg1/REG_Files_31_73> in Unit <Top_Register_file> is equivalent to the following FF/Latch, which will be removed : <reg1/REG_Files_31_66> 
INFO:Xst:2261 - The FF/Latch <reg1/REG_Files_31_481> in Unit <Top_Register_file> is equivalent to the following FF/Latch, which will be removed : <reg1/REG_Files_31_480> 
INFO:Xst:2261 - The FF/Latch <reg1/REG_Files_31_476> in Unit <Top_Register_file> is equivalent to the following 5 FFs/Latches, which will be removed : <reg1/REG_Files_31_468> <reg1/REG_Files_31_464> <reg1/REG_Files_31_460> <reg1/REG_Files_31_453> <reg1/REG_Files_31_452> 
INFO:Xst:2261 - The FF/Latch <reg1/REG_Files_31_479> in Unit <Top_Register_file> is equivalent to the following 4 FFs/Latches, which will be removed : <reg1/REG_Files_31_471> <reg1/REG_Files_31_463> <reg1/REG_Files_31_455> <reg1/REG_Files_31_451> 
INFO:Xst:2261 - The FF/Latch <reg1/REG_Files_31_540> in Unit <Top_Register_file> is equivalent to the following 5 FFs/Latches, which will be removed : <reg1/REG_Files_31_532> <reg1/REG_Files_31_528> <reg1/REG_Files_31_524> <reg1/REG_Files_31_517> <reg1/REG_Files_31_516> 
INFO:Xst:2261 - The FF/Latch <reg1/REG_Files_31_92> in Unit <Top_Register_file> is equivalent to the following 5 FFs/Latches, which will be removed : <reg1/REG_Files_31_84> <reg1/REG_Files_31_80> <reg1/REG_Files_31_76> <reg1/REG_Files_31_69> <reg1/REG_Files_31_68> 
INFO:Xst:2261 - The FF/Latch <reg1/REG_Files_31_543> in Unit <Top_Register_file> is equivalent to the following 4 FFs/Latches, which will be removed : <reg1/REG_Files_31_535> <reg1/REG_Files_31_527> <reg1/REG_Files_31_519> <reg1/REG_Files_31_515> 
INFO:Xst:2261 - The FF/Latch <reg1/REG_Files_31_1> in Unit <Top_Register_file> is equivalent to the following FF/Latch, which will be removed : <reg1/REG_Files_31_0> 
INFO:Xst:2261 - The FF/Latch <reg1/REG_Files_31_95> in Unit <Top_Register_file> is equivalent to the following 4 FFs/Latches, which will be removed : <reg1/REG_Files_31_87> <reg1/REG_Files_31_79> <reg1/REG_Files_31_71> <reg1/REG_Files_31_67> 
INFO:Xst:2261 - The FF/Latch <reg1/REG_Files_31_489> in Unit <Top_Register_file> is equivalent to the following FF/Latch, which will be removed : <reg1/REG_Files_31_482> 
INFO:Xst:2261 - The FF/Latch <reg1/REG_Files_31_545> in Unit <Top_Register_file> is equivalent to the following FF/Latch, which will be removed : <reg1/REG_Files_31_544> 
INFO:Xst:2261 - The FF/Latch <reg1/REG_Files_31_97> in Unit <Top_Register_file> is equivalent to the following FF/Latch, which will be removed : <reg1/REG_Files_31_96> 
INFO:Xst:2261 - The FF/Latch <reg1/REG_Files_31_553> in Unit <Top_Register_file> is equivalent to the following FF/Latch, which will be removed : <reg1/REG_Files_31_546> 
INFO:Xst:2261 - The FF/Latch <reg1/REG_Files_31_604> in Unit <Top_Register_file> is equivalent to the following 5 FFs/Latches, which will be removed : <reg1/REG_Files_31_596> <reg1/REG_Files_31_592> <reg1/REG_Files_31_588> <reg1/REG_Files_31_581> <reg1/REG_Files_31_580> 
INFO:Xst:2261 - The FF/Latch <reg1/REG_Files_31_9> in Unit <Top_Register_file> is equivalent to the following FF/Latch, which will be removed : <reg1/REG_Files_31_2> 
INFO:Xst:2261 - The FF/Latch <reg1/REG_Files_31_607> in Unit <Top_Register_file> is equivalent to the following 4 FFs/Latches, which will be removed : <reg1/REG_Files_31_599> <reg1/REG_Files_31_591> <reg1/REG_Files_31_583> <reg1/REG_Files_31_579> 
INFO:Xst:2261 - The FF/Latch <reg1/REG_Files_31_609> in Unit <Top_Register_file> is equivalent to the following FF/Latch, which will be removed : <reg1/REG_Files_31_608> 
INFO:Xst:2261 - The FF/Latch <reg1/REG_Files_31_617> in Unit <Top_Register_file> is equivalent to the following FF/Latch, which will be removed : <reg1/REG_Files_31_610> 
INFO:Xst:2261 - The FF/Latch <reg1/REG_Files_31_572> in Unit <Top_Register_file> is equivalent to the following 5 FFs/Latches, which will be removed : <reg1/REG_Files_31_564> <reg1/REG_Files_31_560> <reg1/REG_Files_31_556> <reg1/REG_Files_31_549> <reg1/REG_Files_31_548> 
INFO:Xst:2261 - The FF/Latch <reg1/REG_Files_31_575> in Unit <Top_Register_file> is equivalent to the following 4 FFs/Latches, which will be removed : <reg1/REG_Files_31_567> <reg1/REG_Files_31_559> <reg1/REG_Files_31_551> <reg1/REG_Files_31_547> 
INFO:Xst:2261 - The FF/Latch <reg1/REG_Files_31_577> in Unit <Top_Register_file> is equivalent to the following FF/Latch, which will be removed : <reg1/REG_Files_31_576> 
INFO:Xst:2261 - The FF/Latch <reg1/REG_Files_31_585> in Unit <Top_Register_file> is equivalent to the following FF/Latch, which will be removed : <reg1/REG_Files_31_578> 
INFO:Xst:2261 - The FF/Latch <reg1/REG_Files_31_641> in Unit <Top_Register_file> is equivalent to the following FF/Latch, which will be removed : <reg1/REG_Files_31_640> 
INFO:Xst:2261 - The FF/Latch <reg1/REG_Files_31_636> in Unit <Top_Register_file> is equivalent to the following 5 FFs/Latches, which will be removed : <reg1/REG_Files_31_628> <reg1/REG_Files_31_624> <reg1/REG_Files_31_620> <reg1/REG_Files_31_613> <reg1/REG_Files_31_612> 
INFO:Xst:2261 - The FF/Latch <reg1/REG_Files_31_639> in Unit <Top_Register_file> is equivalent to the following 4 FFs/Latches, which will be removed : <reg1/REG_Files_31_631> <reg1/REG_Files_31_623> <reg1/REG_Files_31_615> <reg1/REG_Files_31_611> 
INFO:Xst:2261 - The FF/Latch <reg1/REG_Files_31_700> in Unit <Top_Register_file> is equivalent to the following 5 FFs/Latches, which will be removed : <reg1/REG_Files_31_692> <reg1/REG_Files_31_688> <reg1/REG_Files_31_684> <reg1/REG_Files_31_677> <reg1/REG_Files_31_676> 
INFO:Xst:2261 - The FF/Latch <reg1/REG_Files_31_703> in Unit <Top_Register_file> is equivalent to the following 4 FFs/Latches, which will be removed : <reg1/REG_Files_31_695> <reg1/REG_Files_31_687> <reg1/REG_Files_31_679> <reg1/REG_Files_31_675> 
INFO:Xst:2261 - The FF/Latch <reg1/REG_Files_31_649> in Unit <Top_Register_file> is equivalent to the following FF/Latch, which will be removed : <reg1/REG_Files_31_642> 
INFO:Xst:2261 - The FF/Latch <reg1/REG_Files_31_705> in Unit <Top_Register_file> is equivalent to the following FF/Latch, which will be removed : <reg1/REG_Files_31_704> 
INFO:Xst:2261 - The FF/Latch <reg1/REG_Files_31_713> in Unit <Top_Register_file> is equivalent to the following FF/Latch, which will be removed : <reg1/REG_Files_31_706> 
INFO:Xst:2261 - The FF/Latch <reg1/REG_Files_31_671> in Unit <Top_Register_file> is equivalent to the following 4 FFs/Latches, which will be removed : <reg1/REG_Files_31_663> <reg1/REG_Files_31_655> <reg1/REG_Files_31_647> <reg1/REG_Files_31_643> 
INFO:Xst:2261 - The FF/Latch <reg1/REG_Files_31_673> in Unit <Top_Register_file> is equivalent to the following FF/Latch, which will be removed : <reg1/REG_Files_31_672> 
INFO:Xst:2261 - The FF/Latch <reg1/REG_Files_31_668> in Unit <Top_Register_file> is equivalent to the following 5 FFs/Latches, which will be removed : <reg1/REG_Files_31_660> <reg1/REG_Files_31_656> <reg1/REG_Files_31_652> <reg1/REG_Files_31_645> <reg1/REG_Files_31_644> 
INFO:Xst:2261 - The FF/Latch <reg1/REG_Files_31_681> in Unit <Top_Register_file> is equivalent to the following FF/Latch, which will be removed : <reg1/REG_Files_31_674> 
INFO:Xst:2261 - The FF/Latch <reg1/REG_Files_31_732> in Unit <Top_Register_file> is equivalent to the following 5 FFs/Latches, which will be removed : <reg1/REG_Files_31_724> <reg1/REG_Files_31_720> <reg1/REG_Files_31_716> <reg1/REG_Files_31_709> <reg1/REG_Files_31_708> 
INFO:Xst:2261 - The FF/Latch <reg1/REG_Files_31_735> in Unit <Top_Register_file> is equivalent to the following 4 FFs/Latches, which will be removed : <reg1/REG_Files_31_727> <reg1/REG_Files_31_719> <reg1/REG_Files_31_711> <reg1/REG_Files_31_707> 
INFO:Xst:2261 - The FF/Latch <reg1/REG_Files_31_737> in Unit <Top_Register_file> is equivalent to the following FF/Latch, which will be removed : <reg1/REG_Files_31_736> 
INFO:Xst:2261 - The FF/Latch <reg1/REG_Files_31_745> in Unit <Top_Register_file> is equivalent to the following FF/Latch, which will be removed : <reg1/REG_Files_31_738> 
INFO:Xst:2261 - The FF/Latch <reg1/REG_Files_31_801> in Unit <Top_Register_file> is equivalent to the following FF/Latch, which will be removed : <reg1/REG_Files_31_800> 
INFO:Xst:2261 - The FF/Latch <reg1/REG_Files_31_809> in Unit <Top_Register_file> is equivalent to the following FF/Latch, which will be removed : <reg1/REG_Files_31_802> 
INFO:Xst:2261 - The FF/Latch <reg1/REG_Files_31_764> in Unit <Top_Register_file> is equivalent to the following 5 FFs/Latches, which will be removed : <reg1/REG_Files_31_756> <reg1/REG_Files_31_752> <reg1/REG_Files_31_748> <reg1/REG_Files_31_741> <reg1/REG_Files_31_740> 
INFO:Xst:2261 - The FF/Latch <reg1/REG_Files_31_767> in Unit <Top_Register_file> is equivalent to the following 4 FFs/Latches, which will be removed : <reg1/REG_Files_31_759> <reg1/REG_Files_31_751> <reg1/REG_Files_31_743> <reg1/REG_Files_31_739> 
INFO:Xst:2261 - The FF/Latch <reg1/REG_Files_31_769> in Unit <Top_Register_file> is equivalent to the following FF/Latch, which will be removed : <reg1/REG_Files_31_768> 
INFO:Xst:2261 - The FF/Latch <reg1/REG_Files_31_831> in Unit <Top_Register_file> is equivalent to the following 4 FFs/Latches, which will be removed : <reg1/REG_Files_31_823> <reg1/REG_Files_31_815> <reg1/REG_Files_31_807> <reg1/REG_Files_31_803> 
INFO:Xst:2261 - The FF/Latch <reg1/REG_Files_31_777> in Unit <Top_Register_file> is equivalent to the following FF/Latch, which will be removed : <reg1/REG_Files_31_770> 
INFO:Xst:2261 - The FF/Latch <reg1/REG_Files_31_833> in Unit <Top_Register_file> is equivalent to the following FF/Latch, which will be removed : <reg1/REG_Files_31_832> 
INFO:Xst:2261 - The FF/Latch <reg1/REG_Files_31_828> in Unit <Top_Register_file> is equivalent to the following 5 FFs/Latches, which will be removed : <reg1/REG_Files_31_820> <reg1/REG_Files_31_816> <reg1/REG_Files_31_812> <reg1/REG_Files_31_805> <reg1/REG_Files_31_804> 
INFO:Xst:2261 - The FF/Latch <reg1/REG_Files_31_841> in Unit <Top_Register_file> is equivalent to the following FF/Latch, which will be removed : <reg1/REG_Files_31_834> 
INFO:Xst:2261 - The FF/Latch <reg1/REG_Files_31_105> in Unit <Top_Register_file> is equivalent to the following FF/Latch, which will be removed : <reg1/REG_Files_31_98> 
INFO:Xst:2261 - The FF/Latch <reg1/REG_Files_31_796> in Unit <Top_Register_file> is equivalent to the following 5 FFs/Latches, which will be removed : <reg1/REG_Files_31_788> <reg1/REG_Files_31_784> <reg1/REG_Files_31_780> <reg1/REG_Files_31_773> <reg1/REG_Files_31_772> 
INFO:Xst:2261 - The FF/Latch <reg1/REG_Files_31_799> in Unit <Top_Register_file> is equivalent to the following 4 FFs/Latches, which will be removed : <reg1/REG_Files_31_791> <reg1/REG_Files_31_783> <reg1/REG_Files_31_775> <reg1/REG_Files_31_771> 
INFO:Xst:2261 - The FF/Latch <reg1/REG_Files_31_905> in Unit <Top_Register_file> is equivalent to the following FF/Latch, which will be removed : <reg1/REG_Files_31_898> 
INFO:Xst:2261 - The FF/Latch <reg1/REG_Files_31_860> in Unit <Top_Register_file> is equivalent to the following 5 FFs/Latches, which will be removed : <reg1/REG_Files_31_852> <reg1/REG_Files_31_848> <reg1/REG_Files_31_844> <reg1/REG_Files_31_837> <reg1/REG_Files_31_836> 
INFO:Xst:2261 - The FF/Latch <reg1/REG_Files_31_124> in Unit <Top_Register_file> is equivalent to the following 5 FFs/Latches, which will be removed : <reg1/REG_Files_31_116> <reg1/REG_Files_31_112> <reg1/REG_Files_31_108> <reg1/REG_Files_31_101> <reg1/REG_Files_31_100> 
INFO:Xst:2261 - The FF/Latch <reg1/REG_Files_31_863> in Unit <Top_Register_file> is equivalent to the following 4 FFs/Latches, which will be removed : <reg1/REG_Files_31_855> <reg1/REG_Files_31_847> <reg1/REG_Files_31_839> <reg1/REG_Files_31_835> 
INFO:Xst:2261 - The FF/Latch <reg1/REG_Files_31_865> in Unit <Top_Register_file> is equivalent to the following FF/Latch, which will be removed : <reg1/REG_Files_31_864> 
INFO:Xst:2261 - The FF/Latch <reg1/REG_Files_31_127> in Unit <Top_Register_file> is equivalent to the following 4 FFs/Latches, which will be removed : <reg1/REG_Files_31_119> <reg1/REG_Files_31_111> <reg1/REG_Files_31_103> <reg1/REG_Files_31_99> 
INFO:Xst:2261 - The FF/Latch <reg1/REG_Files_31_129> in Unit <Top_Register_file> is equivalent to the following FF/Latch, which will be removed : <reg1/REG_Files_31_128> 
INFO:Xst:2261 - The FF/Latch <reg1/REG_Files_31_873> in Unit <Top_Register_file> is equivalent to the following FF/Latch, which will be removed : <reg1/REG_Files_31_866> 
INFO:Xst:2261 - The FF/Latch <reg1/REG_Files_31_924> in Unit <Top_Register_file> is equivalent to the following 5 FFs/Latches, which will be removed : <reg1/REG_Files_31_916> <reg1/REG_Files_31_912> <reg1/REG_Files_31_908> <reg1/REG_Files_31_901> <reg1/REG_Files_31_900> 
INFO:Xst:2261 - The FF/Latch <reg1/REG_Files_31_137> in Unit <Top_Register_file> is equivalent to the following FF/Latch, which will be removed : <reg1/REG_Files_31_130> 
INFO:Xst:2261 - The FF/Latch <reg1/REG_Files_31_927> in Unit <Top_Register_file> is equivalent to the following 4 FFs/Latches, which will be removed : <reg1/REG_Files_31_919> <reg1/REG_Files_31_911> <reg1/REG_Files_31_903> <reg1/REG_Files_31_899> 
INFO:Xst:2261 - The FF/Latch <reg1/REG_Files_31_929> in Unit <Top_Register_file> is equivalent to the following FF/Latch, which will be removed : <reg1/REG_Files_31_928> 
INFO:Xst:2261 - The FF/Latch <reg1/REG_Files_31_201> in Unit <Top_Register_file> is equivalent to the following FF/Latch, which will be removed : <reg1/REG_Files_31_194> 
INFO:Xst:2261 - The FF/Latch <reg1/REG_Files_31_937> in Unit <Top_Register_file> is equivalent to the following FF/Latch, which will be removed : <reg1/REG_Files_31_930> 
INFO:Xst:2261 - The FF/Latch <reg1/REG_Files_31_892> in Unit <Top_Register_file> is equivalent to the following 5 FFs/Latches, which will be removed : <reg1/REG_Files_31_884> <reg1/REG_Files_31_880> <reg1/REG_Files_31_876> <reg1/REG_Files_31_869> <reg1/REG_Files_31_868> 
INFO:Xst:2261 - The FF/Latch <reg1/REG_Files_31_161> in Unit <Top_Register_file> is equivalent to the following FF/Latch, which will be removed : <reg1/REG_Files_31_160> 
INFO:Xst:2261 - The FF/Latch <reg1/REG_Files_31_156> in Unit <Top_Register_file> is equivalent to the following 5 FFs/Latches, which will be removed : <reg1/REG_Files_31_148> <reg1/REG_Files_31_144> <reg1/REG_Files_31_140> <reg1/REG_Files_31_133> <reg1/REG_Files_31_132> 
INFO:Xst:2261 - The FF/Latch <reg1/REG_Files_31_895> in Unit <Top_Register_file> is equivalent to the following 4 FFs/Latches, which will be removed : <reg1/REG_Files_31_887> <reg1/REG_Files_31_879> <reg1/REG_Files_31_871> <reg1/REG_Files_31_867> 
INFO:Xst:2261 - The FF/Latch <reg1/REG_Files_31_897> in Unit <Top_Register_file> is equivalent to the following FF/Latch, which will be removed : <reg1/REG_Files_31_896> 
INFO:Xst:2261 - The FF/Latch <reg1/REG_Files_31_159> in Unit <Top_Register_file> is equivalent to the following 4 FFs/Latches, which will be removed : <reg1/REG_Files_31_151> <reg1/REG_Files_31_143> <reg1/REG_Files_31_135> <reg1/REG_Files_31_131> 
INFO:Xst:2261 - The FF/Latch <reg1/REG_Files_31_220> in Unit <Top_Register_file> is equivalent to the following 5 FFs/Latches, which will be removed : <reg1/REG_Files_31_212> <reg1/REG_Files_31_208> <reg1/REG_Files_31_204> <reg1/REG_Files_31_197> <reg1/REG_Files_31_196> 
INFO:Xst:2261 - The FF/Latch <reg1/REG_Files_31_961> in Unit <Top_Register_file> is equivalent to the following FF/Latch, which will be removed : <reg1/REG_Files_31_960> 
INFO:Xst:2261 - The FF/Latch <reg1/REG_Files_31_223> in Unit <Top_Register_file> is equivalent to the following 4 FFs/Latches, which will be removed : <reg1/REG_Files_31_215> <reg1/REG_Files_31_207> <reg1/REG_Files_31_199> <reg1/REG_Files_31_195> 
INFO:Xst:2261 - The FF/Latch <reg1/REG_Files_31_956> in Unit <Top_Register_file> is equivalent to the following 5 FFs/Latches, which will be removed : <reg1/REG_Files_31_948> <reg1/REG_Files_31_944> <reg1/REG_Files_31_940> <reg1/REG_Files_31_933> <reg1/REG_Files_31_932> 
INFO:Xst:2261 - The FF/Latch <reg1/REG_Files_31_169> in Unit <Top_Register_file> is equivalent to the following FF/Latch, which will be removed : <reg1/REG_Files_31_162> 
INFO:Xst:2261 - The FF/Latch <reg1/REG_Files_31_225> in Unit <Top_Register_file> is equivalent to the following FF/Latch, which will be removed : <reg1/REG_Files_31_224> 
INFO:Xst:2261 - The FF/Latch <reg1/REG_Files_31_959> in Unit <Top_Register_file> is equivalent to the following 4 FFs/Latches, which will be removed : <reg1/REG_Files_31_951> <reg1/REG_Files_31_943> <reg1/REG_Files_31_935> <reg1/REG_Files_31_931> 
INFO:Xst:2261 - The FF/Latch <reg1/REG_Files_31_233> in Unit <Top_Register_file> is equivalent to the following FF/Latch, which will be removed : <reg1/REG_Files_31_226> 
INFO:Xst:2261 - The FF/Latch <reg1/REG_Files_31_969> in Unit <Top_Register_file> is equivalent to the following FF/Latch, which will be removed : <reg1/REG_Files_31_962> 
INFO:Xst:2261 - The FF/Latch <reg1/REG_Files_31_191> in Unit <Top_Register_file> is equivalent to the following 4 FFs/Latches, which will be removed : <reg1/REG_Files_31_183> <reg1/REG_Files_31_175> <reg1/REG_Files_31_167> <reg1/REG_Files_31_163> 
INFO:Xst:2261 - The FF/Latch <reg1/REG_Files_31_193> in Unit <Top_Register_file> is equivalent to the following FF/Latch, which will be removed : <reg1/REG_Files_31_192> 
INFO:Xst:2261 - The FF/Latch <reg1/REG_Files_31_188> in Unit <Top_Register_file> is equivalent to the following 5 FFs/Latches, which will be removed : <reg1/REG_Files_31_180> <reg1/REG_Files_31_176> <reg1/REG_Files_31_172> <reg1/REG_Files_31_165> <reg1/REG_Files_31_164> 
INFO:Xst:2261 - The FF/Latch <reg1/REG_Files_31_252> in Unit <Top_Register_file> is equivalent to the following 5 FFs/Latches, which will be removed : <reg1/REG_Files_31_244> <reg1/REG_Files_31_240> <reg1/REG_Files_31_236> <reg1/REG_Files_31_229> <reg1/REG_Files_31_228> 
INFO:Xst:2261 - The FF/Latch <reg1/REG_Files_31_991> in Unit <Top_Register_file> is equivalent to the following 4 FFs/Latches, which will be removed : <reg1/REG_Files_31_983> <reg1/REG_Files_31_975> <reg1/REG_Files_31_967> <reg1/REG_Files_31_963> 
INFO:Xst:2261 - The FF/Latch <reg1/REG_Files_31_988> in Unit <Top_Register_file> is equivalent to the following 5 FFs/Latches, which will be removed : <reg1/REG_Files_31_980> <reg1/REG_Files_31_976> <reg1/REG_Files_31_972> <reg1/REG_Files_31_965> <reg1/REG_Files_31_964> 
INFO:Xst:2261 - The FF/Latch <reg1/REG_Files_31_255> in Unit <Top_Register_file> is equivalent to the following 4 FFs/Latches, which will be removed : <reg1/REG_Files_31_247> <reg1/REG_Files_31_239> <reg1/REG_Files_31_231> <reg1/REG_Files_31_227> 
INFO:Xst:2261 - The FF/Latch <reg1/REG_Files_31_257> in Unit <Top_Register_file> is equivalent to the following FF/Latch, which will be removed : <reg1/REG_Files_31_256> 
INFO:Xst:2261 - The FF/Latch <reg1/REG_Files_31_265> in Unit <Top_Register_file> is equivalent to the following FF/Latch, which will be removed : <reg1/REG_Files_31_258> 
INFO:Xst:2261 - The FF/Latch <reg1/REG_Files_31_321> in Unit <Top_Register_file> is equivalent to the following FF/Latch, which will be removed : <reg1/REG_Files_31_320> 
INFO:Xst:2261 - The FF/Latch <reg1/REG_Files_31_316> in Unit <Top_Register_file> is equivalent to the following 5 FFs/Latches, which will be removed : <reg1/REG_Files_31_308> <reg1/REG_Files_31_304> <reg1/REG_Files_31_300> <reg1/REG_Files_31_293> <reg1/REG_Files_31_292> 
INFO:Xst:2261 - The FF/Latch <reg1/REG_Files_31_319> in Unit <Top_Register_file> is equivalent to the following 4 FFs/Latches, which will be removed : <reg1/REG_Files_31_311> <reg1/REG_Files_31_303> <reg1/REG_Files_31_295> <reg1/REG_Files_31_291> 
INFO:Xst:2261 - The FF/Latch <reg1/REG_Files_31_329> in Unit <Top_Register_file> is equivalent to the following FF/Latch, which will be removed : <reg1/REG_Files_31_322> 
INFO:Xst:2261 - The FF/Latch <reg1/REG_Files_31_284> in Unit <Top_Register_file> is equivalent to the following 5 FFs/Latches, which will be removed : <reg1/REG_Files_31_276> <reg1/REG_Files_31_272> <reg1/REG_Files_31_268> <reg1/REG_Files_31_261> <reg1/REG_Files_31_260> 
INFO:Xst:2261 - The FF/Latch <reg1/REG_Files_31_287> in Unit <Top_Register_file> is equivalent to the following 4 FFs/Latches, which will be removed : <reg1/REG_Files_31_279> <reg1/REG_Files_31_271> <reg1/REG_Files_31_263> <reg1/REG_Files_31_259> 
INFO:Xst:2261 - The FF/Latch <reg1/REG_Files_31_289> in Unit <Top_Register_file> is equivalent to the following FF/Latch, which will be removed : <reg1/REG_Files_31_288> 
INFO:Xst:2261 - The FF/Latch <reg1/REG_Files_31_351> in Unit <Top_Register_file> is equivalent to the following 4 FFs/Latches, which will be removed : <reg1/REG_Files_31_343> <reg1/REG_Files_31_335> <reg1/REG_Files_31_327> <reg1/REG_Files_31_323> 
INFO:Xst:2261 - The FF/Latch <reg1/REG_Files_31_297> in Unit <Top_Register_file> is equivalent to the following FF/Latch, which will be removed : <reg1/REG_Files_31_290> 
INFO:Xst:2261 - The FF/Latch <reg1/REG_Files_31_353> in Unit <Top_Register_file> is equivalent to the following FF/Latch, which will be removed : <reg1/REG_Files_31_352> 
INFO:Xst:2261 - The FF/Latch <reg1/REG_Files_31_348> in Unit <Top_Register_file> is equivalent to the following 5 FFs/Latches, which will be removed : <reg1/REG_Files_31_340> <reg1/REG_Files_31_336> <reg1/REG_Files_31_332> <reg1/REG_Files_31_325> <reg1/REG_Files_31_324> 
INFO:Xst:2261 - The FF/Latch <reg1/REG_Files_31_361> in Unit <Top_Register_file> is equivalent to the following FF/Latch, which will be removed : <reg1/REG_Files_31_354> 
INFO:Xst:2261 - The FF/Latch <reg1/REG_Files_31_412> in Unit <Top_Register_file> is equivalent to the following 5 FFs/Latches, which will be removed : <reg1/REG_Files_31_404> <reg1/REG_Files_31_400> <reg1/REG_Files_31_396> <reg1/REG_Files_31_389> <reg1/REG_Files_31_388> 
INFO:Xst:2261 - The FF/Latch <reg1/REG_Files_31_415> in Unit <Top_Register_file> is equivalent to the following 4 FFs/Latches, which will be removed : <reg1/REG_Files_31_407> <reg1/REG_Files_31_399> <reg1/REG_Files_31_391> <reg1/REG_Files_31_387> 
INFO:Xst:2261 - The FF/Latch <reg1/REG_Files_31_417> in Unit <Top_Register_file> is equivalent to the following FF/Latch, which will be removed : <reg1/REG_Files_31_416> 
INFO:Xst:2261 - The FF/Latch <reg1/REG_Files_31_31> in Unit <Top_Register_file> is equivalent to the following 4 FFs/Latches, which will be removed : <reg1/REG_Files_31_23> <reg1/REG_Files_31_15> <reg1/REG_Files_31_7> <reg1/REG_Files_31_3> 
INFO:Xst:2261 - The FF/Latch <reg1/REG_Files_31_425> in Unit <Top_Register_file> is equivalent to the following FF/Latch, which will be removed : <reg1/REG_Files_31_418> 
INFO:Xst:2261 - The FF/Latch <reg1/REG_Files_31_380> in Unit <Top_Register_file> is equivalent to the following 5 FFs/Latches, which will be removed : <reg1/REG_Files_31_372> <reg1/REG_Files_31_368> <reg1/REG_Files_31_364> <reg1/REG_Files_31_357> <reg1/REG_Files_31_356> 
INFO:Xst:2261 - The FF/Latch <reg1/REG_Files_31_33> in Unit <Top_Register_file> is equivalent to the following FF/Latch, which will be removed : <reg1/REG_Files_31_32> 
INFO:Xst:2261 - The FF/Latch <reg1/REG_Files_31_28> in Unit <Top_Register_file> is equivalent to the following 5 FFs/Latches, which will be removed : <reg1/REG_Files_31_20> <reg1/REG_Files_31_16> <reg1/REG_Files_31_12> <reg1/REG_Files_31_5> <reg1/REG_Files_31_4> 
INFO:Xst:2261 - The FF/Latch <reg1/REG_Files_31_383> in Unit <Top_Register_file> is equivalent to the following 4 FFs/Latches, which will be removed : <reg1/REG_Files_31_375> <reg1/REG_Files_31_367> <reg1/REG_Files_31_359> <reg1/REG_Files_31_355> 
INFO:Xst:2261 - The FF/Latch <reg1/REG_Files_31_41> in Unit <Top_Register_file> is equivalent to the following FF/Latch, which will be removed : <reg1/REG_Files_31_34> 
INFO:Xst:2261 - The FF/Latch <reg1/REG_Files_31_385> in Unit <Top_Register_file> is equivalent to the following FF/Latch, which will be removed : <reg1/REG_Files_31_384> 

Mapping all equations...
Building and optimizing final netlist ...
Found area constraint ratio of 100 (+ 5) on block Top_Register_file, actual ratio is 18.

Final Macro Processing ...

=========================================================================
Final Register Report

Macro Statistics
# Registers                                            : 651
 Flip-Flops                                            : 651

=========================================================================

=========================================================================
*                           Partition Report                            *
=========================================================================

Partition Implementation Status
-------------------------------

  No Partitions were found in this design.

-------------------------------

=========================================================================
*                            Design Summary                             *
=========================================================================

Top Level Output File Name         : Top_Register_file.ngc

Primitive and Black Box Usage:
------------------------------
# BELS                             : 1178
#      GND                         : 1
#      LUT3                        : 10
#      LUT4                        : 68
#      LUT5                        : 622
#      LUT6                        : 438
#      MUXF7                       : 39
# FlipFlops/Latches                : 651
#      FDCE                        : 651
# Clock Buffers                    : 1
#      BUFGP                       : 1
# IO Buffers                       : 18
#      IBUF                        : 10
#      OBUF                        : 8

Device utilization summary:
---------------------------

Selected Device : 6slx16csg324-3 


Slice Logic Utilization: 
 Number of Slice Registers:             651  out of  18224     3%  
 Number of Slice LUTs:                 1138  out of   9112    12%  
    Number used as Logic:              1138  out of   9112    12%  

Slice Logic Distribution: 
 Number of LUT Flip Flop pairs used:   1138
   Number with an unused Flip Flop:     487  out of   1138    42%  
   Number with an unused LUT:             0  out of   1138     0%  
   Number of fully used LUT-FF pairs:   651  out of   1138    57%  
   Number of unique control sets:         1

IO Utilization: 
 Number of IOs:                          19
 Number of bonded IOBs:                  19  out of    232     8%  

Specific Feature Utilization:
 Number of BUFG/BUFGCTRLs:                1  out of     16     6%  

---------------------------
Partition Resource Summary:
---------------------------

  No Partitions were found in this design.

---------------------------


=========================================================================
Timing Report

NOTE: THESE TIMING NUMBERS ARE ONLY A SYNTHESIS ESTIMATE.
      FOR ACCURATE TIMING INFORMATION PLEASE REFER TO THE TRACE REPORT
      GENERATED AFTER PLACE-and-ROUTE.

Clock Information:
------------------
-----------------------------------+------------------------+-------+
Clock Signal                       | Clock buffer(FF name)  | Load  |
-----------------------------------+------------------------+-------+
Clk                                | BUFGP                  | 651   |
-----------------------------------+------------------------+-------+

Asynchronous Control Signals Information:
----------------------------------------
No asynchronous control signals found in this design

Timing Summary:
---------------
Speed Grade: -3

   Minimum period: 1.405ns (Maximum Frequency: 711.617MHz)
   Minimum input arrival time before clock: 6.363ns
   Maximum output required time after clock: 7.856ns
   Maximum combinational path delay: 12.684ns

Timing Details:
---------------
All values displayed in nanoseconds (ns)

=========================================================================
Timing constraint: Default period analysis for Clock 'Clk'
  Clock period: 1.405ns (frequency: 711.617MHz)
  Total number of paths / destination ports: 651 / 651
-------------------------------------------------------------------------
Delay:               1.405ns (Levels of Logic = 1)
  Source:            reg1/REG_Files_31_991 (FF)
  Destination:       reg1/REG_Files_31_991 (FF)
  Source Clock:      Clk rising
  Destination Clock: Clk rising

  Data Path: reg1/REG_Files_31_991 to reg1/REG_Files_31_991
                                Gate     Net
    Cell:in->out      fanout   Delay   Delay  Logical Name (Net Name)
    ----------------------------------------  ------------
     FDCE:C->Q             3   0.447   0.651  reg1/REG_Files_31_991 (reg1/REG_Files_31_991)
     LUT5:I4->O            1   0.205   0.000  reg1/Mmux_REG_Files[1][31]_W_Data[31]_mux_34_OUT251 (reg1/REG_Files[1][31]_W_Data[31]_mux_34_OUT<31>)
     FDCE:D                    0.102          reg1/REG_Files_31_991
    ----------------------------------------
    Total                      1.405ns (0.754ns logic, 0.651ns route)
                                       (53.7% logic, 46.3% route)

=========================================================================
Timing constraint: Default OFFSET IN BEFORE for Clock 'Clk'
  Total number of paths / destination ports: 9703 / 1953
-------------------------------------------------------------------------
Offset:              6.363ns (Levels of Logic = 2)
  Source:            Write_Reg (PAD)
  Destination:       reg1/REG_Files_31_991 (FF)
  Destination Clock: Clk rising

  Data Path: Write_Reg to reg1/REG_Files_31_991
                                Gate     Net
    Cell:in->out      fanout   Delay   Delay  Logical Name (Net Name)
    ----------------------------------------  ------------
     IBUF:I->O           672   1.222   2.493  Write_Reg_IBUF (Write_Reg_IBUF)
     LUT6:I0->O          651   0.203   2.123  reg1/Write_Reg_GND_2_o_AND_1_o1 (reg1/Write_Reg_GND_2_o_AND_1_o)
     FDCE:CE                   0.322          reg1/REG_Files_31_1
    ----------------------------------------
    Total                      6.363ns (1.747ns logic, 4.616ns route)
                                       (27.5% logic, 72.5% route)

=========================================================================
Timing constraint: Default OFFSET OUT AFTER for Clock 'Clk'
  Total number of paths / destination ports: 1612 / 8
-------------------------------------------------------------------------
Offset:              7.856ns (Levels of Logic = 6)
  Source:            reg1/REG_Files_31_700 (FF)
  Destination:       LED<0> (PAD)
  Source Clock:      Clk rising

  Data Path: reg1/REG_Files_31_700 to LED<0>
                                Gate     Net
    Cell:in->out      fanout   Delay   Delay  Logical Name (Net Name)
    ----------------------------------------  ------------
     FDCE:C->Q             3   0.447   0.898  reg1/REG_Files_31_700 (reg1/REG_Files_31_700)
     LUT6:I2->O            1   0.203   0.827  reg1/Mmux_R_Data_B_911 (reg1/Mmux_R_Data_B_911)
     LUT6:I2->O            3   0.203   0.898  reg1/Mmux_R_Data_B_43 (reg1/Mmux_R_Data_B_412)
     LUT6:I2->O            1   0.203   0.000  Mmux_LED22_G (N15)
     MUXF7:I1->O           1   0.140   0.684  Mmux_LED22 (Mmux_LED21)
     LUT4:I2->O            1   0.203   0.579  Mmux_LED23 (LED_0_OBUF)
     OBUF:I->O                 2.571          LED_0_OBUF (LED<0>)
    ----------------------------------------
    Total                      7.856ns (3.970ns logic, 3.886ns route)
                                       (50.5% logic, 49.5% route)

=========================================================================
Timing constraint: Default path analysis
  Total number of paths / destination ports: 3297 / 8
-------------------------------------------------------------------------
Delay:               12.684ns (Levels of Logic = 8)
  Source:            Write_Reg (PAD)
  Destination:       LED<0> (PAD)

  Data Path: Write_Reg to LED<0>
                                Gate     Net
    Cell:in->out      fanout   Delay   Delay  Logical Name (Net Name)
    ----------------------------------------  ------------
     IBUF:I->O           672   1.222   2.357  Write_Reg_IBUF (Write_Reg_IBUF)
     LUT3:I0->O          168   0.205   2.389  Mmux_B21 (B<1>)
     LUT6:I0->O            1   0.203   0.827  reg1/Mmux_R_Data_B_911 (reg1/Mmux_R_Data_B_911)
     LUT6:I2->O            3   0.203   0.898  reg1/Mmux_R_Data_B_43 (reg1/Mmux_R_Data_B_412)
     LUT6:I2->O            1   0.203   0.000  Mmux_LED22_G (N15)
     MUXF7:I1->O           1   0.140   0.684  Mmux_LED22 (Mmux_LED21)
     LUT4:I2->O            1   0.203   0.579  Mmux_LED23 (LED_0_OBUF)
     OBUF:I->O                 2.571          LED_0_OBUF (LED<0>)
    ----------------------------------------
    Total                     12.684ns (4.950ns logic, 7.734ns route)
                                       (39.0% logic, 61.0% route)

=========================================================================

Cross Clock Domains Report:
--------------------------

Clock to Setup on destination clock Clk
---------------+---------+---------+---------+---------+
               | Src:Rise| Src:Fall| Src:Rise| Src:Fall|
Source Clock   |Dest:Rise|Dest:Rise|Dest:Fall|Dest:Fall|
---------------+---------+---------+---------+---------+
Clk            |    1.405|         |         |         |
---------------+---------+---------+---------+---------+

=========================================================================


Total REAL time to Xst completion: 14.00 secs
Total CPU time to Xst completion: 13.89 secs
 
--> 

Total memory usage is 293484 kilobytes

Number of errors   :    0 (   0 filtered)
Number of warnings :   32 (   0 filtered)
Number of infos    :  124 (   0 filtered)

