#-----------------------------------------------------------
# PlanAhead v14.7 (64-bit)
# Build 321239 by xbuild on Fri Sep 27 19:29:51 MDT 2013
# Start of session at: Sat Jun 02 14:54:32 2018
# Process ID: 4904
# Log file: D:/FPGA/R_I_instruction/planAhead_run_2/planAhead.log
# Journal file: D:/FPGA/R_I_instruction/planAhead_run_2/planAhead.jou
#-----------------------------------------------------------
INFO: [Common 17-78] Attempting to get a license: PlanAhead
INFO: [Common 17-290] Got license for PlanAhead
INFO: [Device 21-36] Loading parts and site information from E:/ise/14.7/ISE_DS/PlanAhead/data/parts/arch.xml
Parsing RTL primitives file [E:/ise/14.7/ISE_DS/PlanAhead/data/parts/xilinx/rtl/prims/rtl_prims.xml]
Finished parsing RTL primitives file [E:/ise/14.7/ISE_DS/PlanAhead/data/parts/xilinx/rtl/prims/rtl_prims.xml]
start_gui
source D:/FPGA/R_I_instruction/pa.fromNetlist.tcl
# create_project -name R_I_instruction -dir "D:/FPGA/R_I_instruction/planAhead_run_2" -part xc6slx16csg324-3
# set_property design_mode GateLvl [get_property srcset [current_run -impl]]
# set_property edif_top_file "D:/FPGA/R_I_instruction/TOP_LED.ngc" [ get_property srcset [ current_run ] ]
# add_files -norecurse { {D:/FPGA/R_I_instruction} {ipcore_dir} }
INFO: [Common 17-41] Interrupt caught. Command should exit soon.
INFO: [Common 17-344] 'add_files' was cancelled
INFO: [Common 17-344] 'source' was cancelled
exit
ERROR: [PlanAhead 12-106] *** Exception: ui.h.b: Found deleted key in HTclEventBroker. Verify if the classes listed here call cleanup()
HTclEvent: DEBUG_CORE_CONFIG_CHANGE   Classes: ui.views.aR 
HTclEvent: DEBUG_PORT_CONFIG_CHANGE   Classes: ui.views.aR 
HTclEvent: SIGNAL_MODIFY   Classes: ui.views.aR 
HTclEvent: SIGNAL_BUS_MODIFY   Classes: ui.views.aR 
 (See D:/FPGA/R_I_instruction\planAhead_pid4904.debug)
ERROR: [Common 17-39] 'stop_gui' failed due to earlier errors.
INFO: [Common 17-206] Exiting PlanAhead at Sat Jun 02 14:54:49 2018...
INFO: [Common 17-83] Releasing license: PlanAhead
