Release 14.7 - xst P.20131013 (nt64)
Copyright (c) 1995-2013 Xilinx, Inc.  All rights reserved.
--> Parameter TMPDIR set to xst/projnav.tmp


Total REAL time to Xst completion: 0.00 secs
Total CPU time to Xst completion: 0.09 secs
 
--> Parameter xsthdpdir set to xst


Total REAL time to Xst completion: 0.00 secs
Total CPU time to Xst completion: 0.09 secs
 
--> Reading design: ALU_TOP.prj

TABLE OF CONTENTS
  1) Synthesis Options Summary
  2) HDL Parsing
  3) HDL Elaboration
  4) HDL Synthesis
       4.1) HDL Synthesis Report
  5) Advanced HDL Synthesis
       5.1) Advanced HDL Synthesis Report
  6) Low Level Synthesis
  7) Partition Report
  8) Design Summary
       8.1) Primitive and Black Box Usage
       8.2) Device utilization summary
       8.3) Partition Resource Summary
       8.4) Timing Report
            8.4.1) Clock Information
            8.4.2) Asynchronous Control Signals Information
            8.4.3) Timing Summary
            8.4.4) Timing Details
            8.4.5) Cross Clock Domains Report


=========================================================================
*                      Synthesis Options Summary                        *
=========================================================================
---- Source Parameters
Input File Name                    : "ALU_TOP.prj"
Ignore Synthesis Constraint File   : NO

---- Target Parameters
Output File Name                   : "ALU_TOP"
Output Format                      : NGC
Target Device                      : xc6slx16-3-csg324

---- Source Options
Top Module Name                    : ALU_TOP
Automatic FSM Extraction           : YES
FSM Encoding Algorithm             : Auto
Safe Implementation                : No
FSM Style                          : LUT
RAM Extraction                     : Yes
RAM Style                          : Auto
ROM Extraction                     : Yes
Shift Register Extraction          : YES
ROM Style                          : Auto
Resource Sharing                   : YES
Asynchronous To Synchronous        : NO
Shift Register Minimum Size        : 2
Use DSP Block                      : Auto
Automatic Register Balancing       : No

---- Target Options
LUT Combining                      : Auto
Reduce Control Sets                : Auto
Add IO Buffers                     : YES
Global Maximum Fanout              : 100000
Add Generic Clock Buffer(BUFG)     : 16
Register Duplication               : YES
Optimize Instantiated Primitives   : NO
Use Clock Enable                   : Auto
Use Synchronous Set                : Auto
Use Synchronous Reset              : Auto
Pack IO Registers into IOBs        : Auto
Equivalent register Removal        : YES

---- General Options
Optimization Goal                  : Speed
Optimization Effort                : 1
Power Reduction                    : NO
Keep Hierarchy                     : No
Netlist Hierarchy                  : As_Optimized
RTL Output                         : Yes
Global Optimization                : AllClockNets
Read Cores                         : YES
Write Timing Constraints           : NO
Cross Clock Analysis               : NO
Hierarchy Separator                : /
Bus Delimiter                      : <>
Case Specifier                     : Maintain
Slice Utilization Ratio            : 100
BRAM Utilization Ratio             : 100
DSP48 Utilization Ratio            : 100
Auto BRAM Packing                  : NO
Slice Utilization Ratio Delta      : 5

=========================================================================


=========================================================================
*                          HDL Parsing                                  *
=========================================================================
Analyzing Verilog file "D:\FPGA\ALU_design\OP.v" into library work
Parsing module <OP>.
Analyzing Verilog file "D:\FPGA\ALU_design\LED_choice.v" into library work
Parsing module <LED_choice>.
Analyzing Verilog file "D:\FPGA\ALU_design\data_test.v" into library work
Parsing module <data_test>.
Analyzing Verilog file "D:\FPGA\ALU_design\ALU_TOP.v" into library work
Parsing module <ALU_TOP>.

=========================================================================
*                            HDL Elaboration                            *
=========================================================================

Elaborating module <ALU_TOP>.

Elaborating module <data_test>.

Elaborating module <OP>.

Elaborating module <LED_choice>.

=========================================================================
*                           HDL Synthesis                               *
=========================================================================

Synthesizing Unit <ALU_TOP>.
    Related source file is "D:\FPGA\ALU_design\ALU_TOP.v".
    Summary:
	no macro.
Unit <ALU_TOP> synthesized.

Synthesizing Unit <data_test>.
    Related source file is "D:\FPGA\ALU_design\data_test.v".
    Found 8x64-bit Read Only RAM for signal <_n0013>
    Summary:
	inferred   1 RAM(s).
Unit <data_test> synthesized.

Synthesizing Unit <OP>.
    Related source file is "D:\FPGA\ALU_design\OP.v".
    Found 33-bit subtractor for signal <GND_3_o_GND_3_o_sub_6_OUT> created at line 40.
    Found 33-bit adder for signal <n0070> created at line 39.
    Found 33-bit shifter logical left for signal <GND_3_o_A[31]_shift_left_7_OUT> created at line 42
    Found 33-bit 8-to-1 multiplexer for signal <CF> created at line 34.
    Found 32-bit comparator greater for signal <A[31]_B[31]_LessThan_7_o> created at line 41
    Summary:
	inferred   1 Adder/Subtractor(s).
	inferred   1 Comparator(s).
	inferred   7 Multiplexer(s).
	inferred   1 Combinational logic shifter(s).
Unit <OP> synthesized.

Synthesizing Unit <LED_choice>.
    Related source file is "D:\FPGA\ALU_design\LED_choice.v".
    Found 8-bit 4-to-1 multiplexer for signal <_n0019> created at line 25.
    Summary:
	inferred   2 Multiplexer(s).
Unit <LED_choice> synthesized.

=========================================================================
HDL Synthesis Report

Macro Statistics
# RAMs                                                 : 1
 8x64-bit single-port Read Only RAM                    : 1
# Adders/Subtractors                                   : 1
 33-bit addsub                                         : 1
# Comparators                                          : 1
 32-bit comparator greater                             : 1
# Multiplexers                                         : 9
 33-bit 2-to-1 multiplexer                             : 7
 8-bit 2-to-1 multiplexer                              : 1
 8-bit 4-to-1 multiplexer                              : 1
# Logic shifters                                       : 1
 33-bit shifter logical left                           : 1
# Xors                                                 : 2
 1-bit xor4                                            : 1
 33-bit xor2                                           : 1

=========================================================================
INFO:Xst:1767 - HDL ADVISOR - Resource sharing has identified that some arithmetic operations in this design can share the same physical resources for reduced device utilization. For improved clock frequency you may try to disable resource sharing.

=========================================================================
*                       Advanced HDL Synthesis                          *
=========================================================================


Synthesizing (advanced) Unit <data_test>.
INFO:Xst:3218 - HDL ADVISOR - The RAM <Mram__n0013> will be implemented on LUTs either because you have described an asynchronous read or because of currently unsupported block RAM features. If you have described an asynchronous read, making it synchronous would allow you to take advantage of available block RAM resources, for optimized device usage and improved timings. Please refer to your documentation for coding guidelines.
    -----------------------------------------------------------------------
    | ram_type           | Distributed                         |          |
    -----------------------------------------------------------------------
    | Port A                                                              |
    |     aspect ratio   | 8-word x 64-bit                     |          |
    |     weA            | connected to signal <GND>           | high     |
    |     addrA          | connected to signal <AB_SW>         |          |
    |     diA            | connected to signal <GND>           |          |
    |     doA            | connected to internal node          |          |
    -----------------------------------------------------------------------
Unit <data_test> synthesized (advanced).

=========================================================================
Advanced HDL Synthesis Report

Macro Statistics
# RAMs                                                 : 1
 8x64-bit single-port distributed Read Only RAM        : 1
# Adders/Subtractors                                   : 1
 33-bit addsub                                         : 1
# Comparators                                          : 1
 32-bit comparator greater                             : 1
# Multiplexers                                         : 9
 33-bit 2-to-1 multiplexer                             : 7
 8-bit 2-to-1 multiplexer                              : 1
 8-bit 4-to-1 multiplexer                              : 1
# Logic shifters                                       : 1
 33-bit shifter logical left                           : 1
# Xors                                                 : 2
 1-bit xor4                                            : 1
 33-bit xor2                                           : 1

=========================================================================

=========================================================================
*                         Low Level Synthesis                           *
=========================================================================

Optimizing unit <ALU_TOP> ...

Optimizing unit <OP> ...

Mapping all equations...
Building and optimizing final netlist ...
Found area constraint ratio of 100 (+ 5) on block ALU_TOP, actual ratio is 2.

Final Macro Processing ...

=========================================================================
Final Register Report

Found no macro
=========================================================================

=========================================================================
*                           Partition Report                            *
=========================================================================

Partition Implementation Status
-------------------------------

  No Partitions were found in this design.

-------------------------------

=========================================================================
*                            Design Summary                             *
=========================================================================

Top Level Output File Name         : ALU_TOP.ngc

Primitive and Black Box Usage:
------------------------------
# BELS                             : 244
#      GND                         : 1
#      LUT1                        : 2
#      LUT2                        : 10
#      LUT3                        : 31
#      LUT4                        : 53
#      LUT5                        : 22
#      LUT6                        : 42
#      MUXCY                       : 47
#      MUXF7                       : 2
#      VCC                         : 1
#      XORCY                       : 33
# IO Buffers                       : 17
#      IBUF                        : 9
#      OBUF                        : 8

Device utilization summary:
---------------------------

Selected Device : 6slx16csg324-3 


Slice Logic Utilization: 
 Number of Slice LUTs:                  160  out of   9112     1%  
    Number used as Logic:               160  out of   9112     1%  

Slice Logic Distribution: 
 Number of LUT Flip Flop pairs used:    160
   Number with an unused Flip Flop:     160  out of    160   100%  
   Number with an unused LUT:             0  out of    160     0%  
   Number of fully used LUT-FF pairs:     0  out of    160     0%  
   Number of unique control sets:         0

IO Utilization: 
 Number of IOs:                          17
 Number of bonded IOBs:                  17  out of    232     7%  

Specific Feature Utilization:

---------------------------
Partition Resource Summary:
---------------------------

  No Partitions were found in this design.

---------------------------


=========================================================================
Timing Report

NOTE: THESE TIMING NUMBERS ARE ONLY A SYNTHESIS ESTIMATE.
      FOR ACCURATE TIMING INFORMATION PLEASE REFER TO THE TRACE REPORT
      GENERATED AFTER PLACE-and-ROUTE.

Clock Information:
------------------
No clock signals found in this design

Asynchronous Control Signals Information:
----------------------------------------
No asynchronous control signals found in this design

Timing Summary:
---------------
Speed Grade: -3

   Minimum period: No path found
   Minimum input arrival time before clock: No path found
   Maximum output required time after clock: No path found
   Maximum combinational path delay: 13.795ns

Timing Details:
---------------
All values displayed in nanoseconds (ns)

=========================================================================
Timing constraint: Default path analysis
  Total number of paths / destination ports: 9863 / 8
-------------------------------------------------------------------------
Delay:               13.795ns (Levels of Logic = 9)
  Source:            AB_SW<2> (PAD)
  Destination:       LED<7> (PAD)

  Data Path: AB_SW<2> to LED<7>
                                Gate     Net
    Cell:in->out      fanout   Delay   Delay  Logical Name (Net Name)
    ----------------------------------------  ------------
     IBUF:I->O            72   1.222   1.921  AB_SW_2_IBUF (AB_SW_2_IBUF)
     LUT3:I0->O           24   0.205   1.401  A<11>1 (A<11>)
     LUT6:I3->O           31   0.205   1.382  M2/Mmux_CF71131 (M2/Mmux_CF7113)
     LUT5:I3->O            1   0.203   0.580  M2/Mmux_CF7102 (M2/Mmux_CF7101)
     LUT4:I3->O            2   0.205   0.864  M2/Mmux_CF7103 (F<18>)
     LUT6:I2->O            1   0.203   0.924  M3/Mmux_LED82 (M3/Mmux_LED81)
     LUT6:I1->O            1   0.203   0.924  M3/Mmux_LED83 (M3/Mmux_LED82)
     LUT6:I1->O            1   0.203   0.579  M3/Mmux_LED810 (LED_7_OBUF)
     OBUF:I->O                 2.571          LED_7_OBUF (LED<7>)
    ----------------------------------------
    Total                     13.795ns (5.220ns logic, 8.575ns route)
                                       (37.8% logic, 62.2% route)

=========================================================================

Cross Clock Domains Report:
--------------------------

=========================================================================


Total REAL time to Xst completion: 7.00 secs
Total CPU time to Xst completion: 6.78 secs
 
--> 

Total memory usage is 275028 kilobytes

Number of errors   :    0 (   0 filtered)
Number of warnings :    0 (   0 filtered)
Number of infos    :    2 (   0 filtered)

