Release 14.7 - ngc2edif P.20131013 (nt64)
Copyright (c) 1995-2013 Xilinx, Inc.  All rights reserved.
Reading design ALU_TOP.ngc ...
WARNING:NetListWriters:298 - No output is written to ALU_TOP.xncf, ignored.
Processing design ...
   Preping design's networks ...
   Preping design's macros ...
WARNING:NetListWriters:306 - Signal bus A<31 : 0> on block ALU_TOP is not
   reconstructed, because there are some missing bus signals.
  finished :Prep
Writing EDIF netlist file ALU_TOP.edif ...
ngc2edif: Total memory usage is 85152 kilobytes

Release 14.7 - ngc2edif P.20131013 (nt64)
Copyright (c) 1995-2013 Xilinx, Inc.  All rights reserved.
Reading design ALU_TOP.ngc ...
WARNING:NetListWriters:298 - No output is written to ALU_TOP.xncf, ignored.
Processing design ...
   Preping design's networks ...
   Preping design's macros ...
WARNING:NetListWriters:306 - Signal bus A<31 : 0> on block ALU_TOP is not
   reconstructed, because there are some missing bus signals.
  finished :Prep
Writing EDIF netlist file ALU_TOP.edif ...
ngc2edif: Total memory usage is 85152 kilobytes

Release 14.7 - ngc2edif P.20131013 (nt64)
Copyright (c) 1995-2013 Xilinx, Inc.  All rights reserved.
Reading design ALU_TOP.ngc ...
WARNING:NetListWriters:298 - No output is written to ALU_TOP.xncf, ignored.
Processing design ...
   Preping design's networks ...
   Preping design's macros ...
WARNING:NetListWriters:306 - Signal bus A<31 : 0> on block ALU_TOP is not
   reconstructed, because there are some missing bus signals.
  finished :Prep
Writing EDIF netlist file ALU_TOP.edif ...
ngc2edif: Total memory usage is 85152 kilobytes

Release 14.7 - ngc2edif P.20131013 (nt64)
Copyright (c) 1995-2013 Xilinx, Inc.  All rights reserved.
Reading design ALU_TOP.ngc ...
WARNING:NetListWriters:298 - No output is written to ALU_TOP.xncf, ignored.
Processing design ...
   Preping design's networks ...
   Preping design's macros ...
WARNING:NetListWriters:306 - Signal bus A<31 : 0> on block ALU_TOP is not
   reconstructed, because there are some missing bus signals.
  finished :Prep
Writing EDIF netlist file ALU_TOP.edif ...
ngc2edif: Total memory usage is 85152 kilobytes

