Release 14.7 - ngc2edif P.20131013 (nt64)
Copyright (c) 1995-2013 Xilinx, Inc.  All rights reserved.
Reading design Inst_ROM.ngc ...
WARNING:NetListWriters:298 - No output is written to Inst_ROM.xncf, ignored.
Processing design ...
   Preping design's networks ...
   Preping design's macros ...
  finished :Prep
Writing EDIF netlist file Inst_ROM.edif ...
ngc2edif: Total memory usage is 81056 kilobytes

Release 14.7 - ngc2edif P.20131013 (nt64)
Copyright (c) 1995-2013 Xilinx, Inc.  All rights reserved.
Reading design Top_LED.ngc ...
WARNING:NetListWriters:298 - No output is written to Top_LED.xncf, ignored.
Processing design ...
   Preping design's networks ...
   Preping design's macros ...
WARNING:NetListWriters:306 - Signal bus test_cpu/Inst_code<31 : 0> on block
   Top_LED is not reconstructed, because there are some missing bus signals.
  finished :Prep
Writing EDIF netlist file Top_LED.edif ...
ngc2edif: Total memory usage is 93824 kilobytes

Release 14.7 - ngc2edif P.20131013 (nt64)
Copyright (c) 1995-2013 Xilinx, Inc.  All rights reserved.
Reading design Inst_ROM.ngc ...
WARNING:NetListWriters:298 - No output is written to Inst_ROM.xncf, ignored.
Processing design ...
   Preping design's networks ...
   Preping design's macros ...
  finished :Prep
Writing EDIF netlist file Inst_ROM.edif ...
ngc2edif: Total memory usage is 81056 kilobytes

