Running: E:\ise\14.7\ISE_DS\ISE\bin\nt64\unwrapped\fuse.exe -intstyle ise -incremental -lib unisims_ver -lib unimacro_ver -lib xilinxcorelib_ver -lib secureip -o D:/FPGA/PC/test_isim_beh.exe -prj D:/FPGA/PC/test_beh.prj work.test work.glbl 
ISim P.20131013 (signature 0x7708f090)
Number of CPUs detected in this system: 8
Turning on mult-threading, number of parallel sub-compilation jobs: 16 
Determining compilation order of HDL files
Analyzing Verilog file "D:/FPGA/PC/ipcore_dir/Inst_ROM.v" into library work
Analyzing Verilog file "D:/FPGA/PC/pc.v" into library work
Analyzing Verilog file "D:/FPGA/PC/test.v" into library work
Analyzing Verilog file "E:/ise/14.7/ISE_DS/ISE//verilog/src/glbl.v" into library work
Starting static elaboration
Completed static elaboration
Compiling module BLK_MEM_GEN_V7_3_output_stage(C_...
Compiling module BLK_MEM_GEN_V7_3_softecc_output_...
Compiling module BLK_MEM_GEN_V7_3_mem_module(C_CO...
Compiling module BLK_MEM_GEN_V7_3(C_FAMILY="spart...
Compiling module Inst_ROM
Compiling module pc
Compiling module test
Compiling module glbl
Time Resolution for simulation is 1ps.
Compiled 8 Verilog Units
Built simulation executable D:/FPGA/PC/test_isim_beh.exe
Fuse Memory Usage: 31872 KB
Fuse CPU Usage: 531 ms
